4 3 2 0 0 0 0 
4 0 1 0 2 2 1 
4 4 4 0 3 0 4 
0 0 0 0 4 4 4 
2 2 1 3 0 0 0 
2 0 0 2 0 0 0 
2 2 2 2 0 0 0 

Hit: 1 0
Score: 9
1 2 3 0 0 0 0 
4 0 4 0 3 2 2 
4 4 4 0 4 0 1 
0 0 0 0 4 4 4 
2 2 2 1 0 0 0 
2 0 0 3 0 0 0 
2 2 2 2 0 0 0 

Hit: 4 1
Score: 16
2 3 4 0 0 0 0 
1 0 4 0 2 2 3 
4 4 4 0 1 0 4 
0 0 0 0 4 4 4 
2 2 2 2 0 0 0 
2 0 0 1 0 0 0 
2 2 2 3 0 0 0 

Hit: 4 2
Score: 1
3 4 4 0 0 0 0 
2 0 4 0 3 2 2 
1 4 4 0 4 0 1 
0 0 0 0 4 4 4 
2 2 2 2 0 0 0 
2 0 0 2 0 0 0 
2 2 3 1 0 0 0 

4 4 4 0 0 0 0 
3 0 4 0 4 3 2 
2 1 4 0 4 0 2 
0 0 0 0 4 4 1 
2 2 2 2 0 0 0 
2 0 0 2 0 0 0 
2 3 1 2 0 0 0 

Hit: 0 4
Score: 49
75
