After breed:
Grid:
0 0 0 2 5 
-1 1 1 0 2 
2 4 4 2 7 
4 2 2 3 7 
1 0 0 7 6 
Herbicide:
0 0 0 0 0 
0 0 0 0 0 
0 0 0 0 0 
0 0 0 0 0 
0 0 0 0 0 

Grid:
0 0 0 2 5 
-1 1 1 0 2 
2 4 0 2 0 
4 2 2 0 7 
1 0 0 7 0 
Herbicide:
0 0 0 0 0 
0 0 0 0 0 
0 0 2 0 2 
0 0 0 2 0 
0 0 2 0 2 

20
After breed:
Grid:
0 3 2 3 7 
-1 3 2 7 3 
4 7 0 2 0 
7 5 3 0 7 
2 7 0 7 0 
Herbicide:
0 0 0 0 0 
0 0 0 0 0 
0 0 2 0 2 
0 0 0 2 0 
0 0 2 0 2 

Grid:
0 3 2 3 7 
-1 3 2 7 3 
4 0 0 0 0 
7 5 0 0 7 
2 0 0 0 0 
Herbicide:
0 0 0 0 0 
0 0 0 0 0 
0 2 1 2 1 
0 0 2 1 0 
0 2 1 2 1 

46
46
